e:\engine\engine\x64\release\vc145.pdb
e:\engine\engine\x64\release\editorui.obj
e:\engine\engine\x64\release\main.obj
e:\engine\engine\x64\release\imgui_widgets.obj
e:\engine\engine\x64\release\imgui_tables.obj
e:\engine\engine\x64\release\imgui_draw.obj
e:\engine\engine\x64\release\imgui.obj
e:\engine\engine\x64\release\imgui_impl_opengl3.obj
e:\engine\engine\x64\release\imgui_impl_glfw.obj
e:\engine\x64\release\engine.exe
e:\engine\x64\release\engine.pdb
e:\engine\engine\x64\release\engine.ipdb
e:\engine\engine\x64\release\engine.iobj
e:\engine\engine\x64\release\engine.tlog\cl.command.1.tlog
e:\engine\engine\x64\release\engine.tlog\cl.items.tlog
e:\engine\engine\x64\release\engine.tlog\cl.read.1.tlog
e:\engine\engine\x64\release\engine.tlog\cl.write.1.tlog
e:\engine\engine\x64\release\engine.tlog\link.command.1.tlog
e:\engine\engine\x64\release\engine.tlog\link.read.1.tlog
e:\engine\engine\x64\release\engine.tlog\link.secondary.1.tlog
e:\engine\engine\x64\release\engine.tlog\link.write.1.tlog
